multiwindow/build/outputs/logs/manifest-merger-debug-report.txt
-- Merging decision tree log ---
manifest
ADDED from src/main/AndroidManifest.xml:17:1-86:12
	package
		ADDED from src/main/AndroidManifest.xml:17:11-54
		INJECTED from src/main/AndroidManifest.xml
		INJECTED from src/main/AndroidManifest.xml
	android:versionName
		INJECTED from src/main/AndroidManifest.xml
		INJECTED from src/main/AndroidManifest.xml
	xmlns:android
		ADDED from src/main/AndroidManifest.xml:18:5-63
	android:versionCode
		INJECTED from src/main/AndroidManifest.xml
		INJECTED from src/main/AndroidManifest.xml
application
ADDED from src/main/AndroidManifest.xml:20:5-84:19
MERGED from [com.android.support:appcompat-v7:24.0.0-beta1] AndroidManifest.xml:25:5-20
MERGED from [com.android.support:animated-vector-drawable:24.0.0-beta1] AndroidManifest.xml:22:5-20
MERGED from [com.android.support:support-vector-drawable:24.0.0-beta1] AndroidManifest.xml:23:5-20
MERGED from [com.android.support:support-v4:24.0.0-beta1] AndroidManifest.xml:25:5-20
	android:label
		ADDED from src/main/AndroidManifest.xml:23:9-41
	android:supportsRtl
		ADDED from src/main/AndroidManifest.xml:24:9-35
	android:allowBackup
		ADDED from src/main/AndroidManifest.xml:21:9-35
	android:icon
		ADDED from src/main/AndroidManifest.xml:22:9-43
	android:theme
		ADDED from src/main/AndroidManifest.xml:25:9-54
activity#com.android.multiwindowplayground.MainActivity
ADDED from src/main/AndroidManifest.xml:29:9-36:20
	android:taskAffinity
		ADDED from src/main/AndroidManifest.xml:31:13-36
	android:name
		ADDED from src/main/AndroidManifest.xml:30:13-74
intent-filter#android.intent.action.MAIN+android.intent.category.LAUNCHER
ADDED from src/main/AndroidManifest.xml:32:13-35:29
action#android.intent.action.MAIN
ADDED from src/main/AndroidManifest.xml:33:17-69
	android:name
		ADDED from src/main/AndroidManifest.xml:33:25-66
category#android.intent.category.LAUNCHER
ADDED from src/main/AndroidManifest.xml:34:17-77
	android:name
		ADDED from src/main/AndroidManifest.xml:34:27-74
activity#com.android.multiwindowplayground.activities.UnresizableActivity
ADDED from src/main/AndroidManifest.xml:39:9-42:39
	android:resizeableActivity
		ADDED from src/main/AndroidManifest.xml:41:13-47
	android:taskAffinity
		ADDED from src/main/AndroidManifest.xml:42:13-36
	android:name
		ADDED from src/main/AndroidManifest.xml:40:13-92
activity#com.android.multiwindowplayground.activities.MinimumSizeActivity
ADDED from src/main/AndroidManifest.xml:47:9-57:20
	android:launchMode
		ADDED from src/main/AndroidManifest.xml:49:13-48
	android:taskAffinity
		ADDED from src/main/AndroidManifest.xml:50:13-36
	android:name
		ADDED from src/main/AndroidManifest.xml:48:13-92
layout
ADDED from src/main/AndroidManifest.xml:51:13-56:45
	android:minHeight
		ADDED from src/main/AndroidManifest.xml:56:17-42
	android:minWidth
		ADDED from src/main/AndroidManifest.xml:55:17-41
	android:gravity
		ADDED from src/main/AndroidManifest.xml:54:17-42
	android:defaultHeight
		ADDED from src/main/AndroidManifest.xml:52:17-46
	android:defaultWidth
		ADDED from src/main/AndroidManifest.xml:53:17-45
activity#com.android.multiwindowplayground.activities.AdjacentActivity
ADDED from src/main/AndroidManifest.xml:61:9-63:39
	android:taskAffinity
		ADDED from src/main/AndroidManifest.xml:63:13-36
	android:name
		ADDED from src/main/AndroidManifest.xml:62:13-89
activity#com.android.multiwindowplayground.activities.LaunchBoundsActivity
ADDED from src/main/AndroidManifest.xml:66:9-68:39
	android:taskAffinity
		ADDED from src/main/AndroidManifest.xml:68:13-36
	android:name
		ADDED from src/main/AndroidManifest.xml:67:13-93
activity#com.android.multiwindowplayground.activities.CustomConfigurationChangeActivity
ADDED from src/main/AndroidManifest.xml:72:9-76:39
	android:launchMode
		ADDED from src/main/AndroidManifest.xml:75:13-48
	android:configChanges
		ADDED from src/main/AndroidManifest.xml:74:13-91
	android:taskAffinity
		ADDED from src/main/AndroidManifest.xml:76:13-36
	android:name
		ADDED from src/main/AndroidManifest.xml:73:13-106
activity#com.android.multiwindowplayground.activities.BasicActivity
ADDED from src/main/AndroidManifest.xml:79:9-82:39
	android:launchMode
		ADDED from src/main/AndroidManifest.xml:81:13-48
	android:taskAffinity
		ADDED from src/main/AndroidManifest.xml:82:13-36
	android:name
		ADDED from src/main/AndroidManifest.xml:80:13-86
uses-sdk
INJECTED from src/main/AndroidManifest.xml reason: use-sdk injection requested
MERGED from [com.android.support:appcompat-v7:24.0.0-beta1] AndroidManifest.xml:21:5-23:78
MERGED from [com.android.support:animated-vector-drawable:24.0.0-beta1] AndroidManifest.xml:20:5-44
MERGED from [com.android.support:support-vector-drawable:24.0.0-beta1] AndroidManifest.xml:21:5-43
MERGED from [com.android.support:support-v4:24.0.0-beta1] AndroidManifest.xml:21:5-23:54
	tools:overrideLibrary
		ADDED from [com.android.support:appcompat-v7:24.0.0-beta1] AndroidManifest.xml:23:9-75
	android:targetSdkVersion
		INJECTED from src/main/AndroidManifest.xml
		INJECTED from src/main/AndroidManifest.xml
	android:minSdkVersion
		INJECTED from src/main/AndroidManifest.xml
		INJECTED from src/main/AndroidManifest.xml